2025-11-01 22:00:13,466 - INFO - --- Starte TitanBot für DOGE/USDT:USDT (1d) auf Account 'Jurij' ---
2025-11-01 22:00:16,058 - INFO - Starte Aufräum-Routine für DOGE/USDT:USDT...
2025-11-01 22:00:17,138 - INFO - Befehl zum Stornieren aller Orders für DOGE/USDT:USDT gesendet.
2025-11-01 22:00:17,138 - INFO - Suche nach neuen SMC-Signalen...
2025-11-01 22:00:17,426 - INFO - Starte SMCEngine-Analyse für 89 Kerzen...
2025-11-01 22:00:17,463 - INFO - >>> TitanBot-Lauf für DOGE/USDT:USDT (1d) abgeschlossen <<<

2025-11-01 22:02:44,851 - INFO - --- Starte TitanBot für DOGE/USDT:USDT (1d) auf Account 'Jurij' ---
2025-11-01 22:02:46,913 - INFO - Starte Aufräum-Routine für DOGE/USDT:USDT...
2025-11-01 22:02:47,956 - INFO - Befehl zum Stornieren aller Orders für DOGE/USDT:USDT gesendet.
2025-11-01 22:02:47,957 - INFO - Suche nach neuen SMC-Signalen...
2025-11-01 22:02:48,233 - INFO - Starte SMCEngine-Analyse für 89 Kerzen...
2025-11-01 22:02:48,250 - INFO - >>> TitanBot-Lauf für DOGE/USDT:USDT (1d) abgeschlossen <<<

2025-11-01 22:13:42,049 - INFO - --- Starte TitanBot für DOGE/USDT:USDT (1d) auf Account 'Jurij' ---
2025-11-01 22:13:44,275 - INFO - Starte Aufräum-Routine für DOGE/USDT:USDT...
2025-11-01 22:13:45,327 - INFO - Befehl zum Stornieren aller Orders für DOGE/USDT:USDT gesendet.
2025-11-01 22:13:45,328 - INFO - Suche nach neuen SMC-Signalen...
2025-11-01 22:13:45,604 - INFO - Starte SMCEngine-Analyse für 89 Kerzen...
2025-11-01 22:13:45,620 - INFO - >>> TitanBot-Lauf für DOGE/USDT:USDT (1d) abgeschlossen <<<

2025-11-01 22:15:14,861 - INFO - --- Starte TitanBot für DOGE/USDT:USDT (1d) auf Account 'Jurij' ---
2025-11-01 22:15:17,810 - INFO - Starte Aufräum-Routine für DOGE/USDT:USDT...
2025-11-01 22:15:18,863 - INFO - Befehl zum Stornieren aller Orders für DOGE/USDT:USDT gesendet.
2025-11-01 22:15:18,863 - INFO - Suche nach neuen SMC-Signalen...
2025-11-01 22:15:19,229 - INFO - Starte SMCEngine-Analyse für 89 Kerzen...
2025-11-01 22:15:19,271 - INFO - >>> TitanBot-Lauf für DOGE/USDT:USDT (1d) abgeschlossen <<<

2025-11-01 22:30:12,228 - INFO - --- Starte TitanBot für DOGE/USDT:USDT (1d) auf Account 'Jurij' ---
2025-11-01 22:30:15,055 - INFO - Starte Aufräum-Routine für DOGE/USDT:USDT...
2025-11-01 22:30:16,111 - INFO - Befehl zum Stornieren aller Orders für DOGE/USDT:USDT gesendet.
2025-11-01 22:30:16,112 - INFO - Suche nach neuen SMC-Signalen...
2025-11-01 22:30:16,434 - INFO - Starte SMCEngine-Analyse für 89 Kerzen...
2025-11-01 22:30:16,474 - INFO - >>> TitanBot-Lauf für DOGE/USDT:USDT (1d) abgeschlossen <<<

2025-11-01 22:45:11,280 - INFO - --- Starte TitanBot für DOGE/USDT:USDT (1d) auf Account 'Jurij' ---
2025-11-01 22:45:13,721 - INFO - Starte Aufräum-Routine für DOGE/USDT:USDT...
2025-11-01 22:45:14,778 - INFO - Befehl zum Stornieren aller Orders für DOGE/USDT:USDT gesendet.
2025-11-01 22:45:14,778 - INFO - Suche nach neuen SMC-Signalen...
2025-11-01 22:45:15,065 - INFO - Starte SMCEngine-Analyse für 89 Kerzen...
2025-11-01 22:45:15,101 - INFO - >>> TitanBot-Lauf für DOGE/USDT:USDT (1d) abgeschlossen <<<

2025-11-01 23:00:11,122 - INFO - --- Starte TitanBot für DOGE/USDT:USDT (1d) auf Account 'Jurij' ---
2025-11-01 23:00:13,457 - INFO - Starte Aufräum-Routine für DOGE/USDT:USDT...
2025-11-01 23:00:14,495 - INFO - Befehl zum Stornieren aller Orders für DOGE/USDT:USDT gesendet.
2025-11-01 23:00:14,495 - INFO - Suche nach neuen SMC-Signalen...
2025-11-01 23:00:14,784 - INFO - Starte SMCEngine-Analyse für 89 Kerzen...
2025-11-01 23:00:14,814 - INFO - >>> TitanBot-Lauf für DOGE/USDT:USDT (1d) abgeschlossen <<<

2025-11-01 23:15:11,584 - INFO - --- Starte TitanBot für DOGE/USDT:USDT (1d) auf Account 'Jurij' ---
2025-11-01 23:15:14,558 - INFO - Starte Aufräum-Routine für DOGE/USDT:USDT...
2025-11-01 23:15:15,616 - INFO - Befehl zum Stornieren aller Orders für DOGE/USDT:USDT gesendet.
2025-11-01 23:15:15,618 - INFO - Suche nach neuen SMC-Signalen...
2025-11-01 23:15:15,936 - INFO - Starte SMCEngine-Analyse für 89 Kerzen...
2025-11-01 23:15:15,975 - INFO - >>> TitanBot-Lauf für DOGE/USDT:USDT (1d) abgeschlossen <<<

2025-11-01 23:30:10,942 - INFO - --- Starte TitanBot für DOGE/USDT:USDT (1d) auf Account 'Jurij' ---
2025-11-01 23:30:13,394 - INFO - Starte Aufräum-Routine für DOGE/USDT:USDT...
2025-11-01 23:30:14,440 - INFO - Befehl zum Stornieren aller Orders für DOGE/USDT:USDT gesendet.
2025-11-01 23:30:14,441 - INFO - Suche nach neuen SMC-Signalen...
2025-11-01 23:30:14,788 - INFO - Starte SMCEngine-Analyse für 89 Kerzen...
2025-11-01 23:30:14,824 - INFO - >>> TitanBot-Lauf für DOGE/USDT:USDT (1d) abgeschlossen <<<

2025-11-01 23:45:11,478 - INFO - --- Starte TitanBot für DOGE/USDT:USDT (1d) auf Account 'Jurij' ---
2025-11-01 23:45:14,001 - INFO - Starte Aufräum-Routine für DOGE/USDT:USDT...
2025-11-01 23:45:15,046 - INFO - Befehl zum Stornieren aller Orders für DOGE/USDT:USDT gesendet.
2025-11-01 23:45:15,047 - INFO - Suche nach neuen SMC-Signalen...
2025-11-01 23:45:15,346 - INFO - Starte SMCEngine-Analyse für 89 Kerzen...
2025-11-01 23:45:15,367 - INFO - >>> TitanBot-Lauf für DOGE/USDT:USDT (1d) abgeschlossen <<<

2025-11-02 00:00:11,104 - INFO - --- Starte TitanBot für DOGE/USDT:USDT (1d) auf Account 'Jurij' ---
2025-11-02 00:00:13,517 - INFO - Starte Aufräum-Routine für DOGE/USDT:USDT...
2025-11-02 00:00:14,583 - INFO - Befehl zum Stornieren aller Orders für DOGE/USDT:USDT gesendet.
2025-11-02 00:00:14,583 - INFO - Suche nach neuen SMC-Signalen...
2025-11-02 00:00:14,864 - INFO - Starte SMCEngine-Analyse für 89 Kerzen...
2025-11-02 00:00:14,893 - INFO - >>> TitanBot-Lauf für DOGE/USDT:USDT (1d) abgeschlossen <<<

2025-11-02 00:15:11,608 - INFO - --- Starte TitanBot für DOGE/USDT:USDT (1d) auf Account 'Jurij' ---
2025-11-02 00:15:14,078 - INFO - Starte Aufräum-Routine für DOGE/USDT:USDT...
2025-11-02 00:15:15,116 - INFO - Befehl zum Stornieren aller Orders für DOGE/USDT:USDT gesendet.
2025-11-02 00:15:15,117 - INFO - Suche nach neuen SMC-Signalen...
2025-11-02 00:15:15,412 - INFO - Starte SMCEngine-Analyse für 89 Kerzen...
2025-11-02 00:15:15,441 - INFO - >>> TitanBot-Lauf für DOGE/USDT:USDT (1d) abgeschlossen <<<

2025-11-02 00:30:11,075 - INFO - --- Starte TitanBot für DOGE/USDT:USDT (1d) auf Account 'Jurij' ---
2025-11-02 00:30:13,719 - INFO - Starte Aufräum-Routine für DOGE/USDT:USDT...
2025-11-02 00:30:14,782 - INFO - Befehl zum Stornieren aller Orders für DOGE/USDT:USDT gesendet.
2025-11-02 00:30:14,782 - INFO - Suche nach neuen SMC-Signalen...
2025-11-02 00:30:15,092 - INFO - Starte SMCEngine-Analyse für 89 Kerzen...
2025-11-02 00:30:15,115 - INFO - >>> TitanBot-Lauf für DOGE/USDT:USDT (1d) abgeschlossen <<<

2025-11-02 00:45:11,558 - INFO - --- Starte TitanBot für DOGE/USDT:USDT (1d) auf Account 'Jurij' ---
2025-11-02 00:45:13,845 - INFO - Starte Aufräum-Routine für DOGE/USDT:USDT...
2025-11-02 00:45:14,886 - INFO - Befehl zum Stornieren aller Orders für DOGE/USDT:USDT gesendet.
2025-11-02 00:45:14,886 - INFO - Suche nach neuen SMC-Signalen...
2025-11-02 00:45:15,169 - INFO - Starte SMCEngine-Analyse für 89 Kerzen...
2025-11-02 00:45:15,197 - INFO - >>> TitanBot-Lauf für DOGE/USDT:USDT (1d) abgeschlossen <<<

2025-11-02 01:00:11,030 - INFO - --- Starte TitanBot für DOGE/USDT:USDT (1d) auf Account 'Jurij' ---
2025-11-02 01:00:13,470 - INFO - Starte Aufräum-Routine für DOGE/USDT:USDT...
2025-11-02 01:00:14,496 - INFO - Befehl zum Stornieren aller Orders für DOGE/USDT:USDT gesendet.
2025-11-02 01:00:14,496 - INFO - Suche nach neuen SMC-Signalen...
2025-11-02 01:00:14,779 - INFO - Starte SMCEngine-Analyse für 89 Kerzen...
2025-11-02 01:00:14,809 - INFO - >>> TitanBot-Lauf für DOGE/USDT:USDT (1d) abgeschlossen <<<

2025-11-02 01:15:11,577 - INFO - --- Starte TitanBot für DOGE/USDT:USDT (1d) auf Account 'Jurij' ---
2025-11-02 01:15:13,957 - INFO - Starte Aufräum-Routine für DOGE/USDT:USDT...
2025-11-02 01:15:15,012 - INFO - Befehl zum Stornieren aller Orders für DOGE/USDT:USDT gesendet.
2025-11-02 01:15:15,012 - INFO - Suche nach neuen SMC-Signalen...
2025-11-02 01:15:15,312 - INFO - Starte SMCEngine-Analyse für 89 Kerzen...
2025-11-02 01:15:15,342 - INFO - >>> TitanBot-Lauf für DOGE/USDT:USDT (1d) abgeschlossen <<<

2025-11-02 01:30:11,048 - INFO - --- Starte TitanBot für DOGE/USDT:USDT (1d) auf Account 'Jurij' ---
2025-11-02 01:30:13,484 - INFO - Starte Aufräum-Routine für DOGE/USDT:USDT...
2025-11-02 01:30:14,540 - INFO - Befehl zum Stornieren aller Orders für DOGE/USDT:USDT gesendet.
2025-11-02 01:30:14,541 - INFO - Suche nach neuen SMC-Signalen...
2025-11-02 01:30:14,822 - INFO - Starte SMCEngine-Analyse für 89 Kerzen...
2025-11-02 01:30:14,852 - INFO - >>> TitanBot-Lauf für DOGE/USDT:USDT (1d) abgeschlossen <<<

2025-11-02 01:45:11,552 - INFO - --- Starte TitanBot für DOGE/USDT:USDT (1d) auf Account 'Jurij' ---
2025-11-02 01:45:14,111 - INFO - Starte Aufräum-Routine für DOGE/USDT:USDT...
2025-11-02 01:45:15,191 - INFO - Befehl zum Stornieren aller Orders für DOGE/USDT:USDT gesendet.
2025-11-02 01:45:15,191 - INFO - Suche nach neuen SMC-Signalen...
2025-11-02 01:45:15,488 - INFO - Starte SMCEngine-Analyse für 89 Kerzen...
2025-11-02 01:45:15,511 - INFO - >>> TitanBot-Lauf für DOGE/USDT:USDT (1d) abgeschlossen <<<

2025-11-02 02:00:11,072 - INFO - --- Starte TitanBot für DOGE/USDT:USDT (1d) auf Account 'Jurij' ---
2025-11-02 02:00:13,490 - INFO - Starte Aufräum-Routine für DOGE/USDT:USDT...
2025-11-02 02:00:14,538 - INFO - Befehl zum Stornieren aller Orders für DOGE/USDT:USDT gesendet.
2025-11-02 02:00:14,538 - INFO - Suche nach neuen SMC-Signalen...
2025-11-02 02:00:14,840 - INFO - Starte SMCEngine-Analyse für 89 Kerzen...
2025-11-02 02:00:14,867 - INFO - >>> TitanBot-Lauf für DOGE/USDT:USDT (1d) abgeschlossen <<<

2025-11-02 02:15:11,573 - INFO - --- Starte TitanBot für DOGE/USDT:USDT (1d) auf Account 'Jurij' ---
2025-11-02 02:15:14,002 - INFO - Starte Aufräum-Routine für DOGE/USDT:USDT...
2025-11-02 02:15:15,063 - INFO - Befehl zum Stornieren aller Orders für DOGE/USDT:USDT gesendet.
2025-11-02 02:15:15,063 - INFO - Suche nach neuen SMC-Signalen...
2025-11-02 02:15:15,357 - INFO - Starte SMCEngine-Analyse für 89 Kerzen...
2025-11-02 02:15:15,388 - INFO - >>> TitanBot-Lauf für DOGE/USDT:USDT (1d) abgeschlossen <<<

2025-11-02 02:30:11,749 - INFO - --- Starte TitanBot für DOGE/USDT:USDT (1d) auf Account 'Jurij' ---
2025-11-02 02:30:14,517 - INFO - Starte Aufräum-Routine für DOGE/USDT:USDT...
2025-11-02 02:30:15,555 - INFO - Befehl zum Stornieren aller Orders für DOGE/USDT:USDT gesendet.
2025-11-02 02:30:15,556 - INFO - Suche nach neuen SMC-Signalen...
2025-11-02 02:30:15,962 - INFO - Starte SMCEngine-Analyse für 89 Kerzen...
2025-11-02 02:30:16,020 - INFO - >>> TitanBot-Lauf für DOGE/USDT:USDT (1d) abgeschlossen <<<

2025-11-02 02:45:12,289 - INFO - --- Starte TitanBot für DOGE/USDT:USDT (1d) auf Account 'Jurij' ---
2025-11-02 02:45:14,976 - INFO - Starte Aufräum-Routine für DOGE/USDT:USDT...
2025-11-02 02:45:16,034 - INFO - Befehl zum Stornieren aller Orders für DOGE/USDT:USDT gesendet.
2025-11-02 02:45:16,034 - INFO - Suche nach neuen SMC-Signalen...
2025-11-02 02:45:16,346 - INFO - Starte SMCEngine-Analyse für 89 Kerzen...
2025-11-02 02:45:16,374 - INFO - >>> TitanBot-Lauf für DOGE/USDT:USDT (1d) abgeschlossen <<<

2025-11-02 03:00:11,242 - INFO - --- Starte TitanBot für DOGE/USDT:USDT (1d) auf Account 'Jurij' ---
2025-11-02 03:00:13,673 - INFO - Starte Aufräum-Routine für DOGE/USDT:USDT...
2025-11-02 03:00:14,711 - INFO - Befehl zum Stornieren aller Orders für DOGE/USDT:USDT gesendet.
2025-11-02 03:00:14,711 - INFO - Suche nach neuen SMC-Signalen...
2025-11-02 03:00:15,008 - INFO - Starte SMCEngine-Analyse für 89 Kerzen...
2025-11-02 03:00:15,036 - INFO - >>> TitanBot-Lauf für DOGE/USDT:USDT (1d) abgeschlossen <<<

2025-11-02 03:15:11,657 - INFO - --- Starte TitanBot für DOGE/USDT:USDT (1d) auf Account 'Jurij' ---
2025-11-02 03:15:14,072 - INFO - Starte Aufräum-Routine für DOGE/USDT:USDT...
2025-11-02 03:15:15,110 - INFO - Befehl zum Stornieren aller Orders für DOGE/USDT:USDT gesendet.
2025-11-02 03:15:15,110 - INFO - Suche nach neuen SMC-Signalen...
2025-11-02 03:15:15,441 - INFO - Starte SMCEngine-Analyse für 89 Kerzen...
2025-11-02 03:15:15,471 - INFO - >>> TitanBot-Lauf für DOGE/USDT:USDT (1d) abgeschlossen <<<

2025-11-02 03:30:11,297 - INFO - --- Starte TitanBot für DOGE/USDT:USDT (1d) auf Account 'Jurij' ---
2025-11-02 03:30:13,795 - INFO - Starte Aufräum-Routine für DOGE/USDT:USDT...
2025-11-02 03:30:14,850 - INFO - Befehl zum Stornieren aller Orders für DOGE/USDT:USDT gesendet.
2025-11-02 03:30:14,850 - INFO - Suche nach neuen SMC-Signalen...
2025-11-02 03:30:15,148 - INFO - Starte SMCEngine-Analyse für 89 Kerzen...
2025-11-02 03:30:15,174 - INFO - >>> TitanBot-Lauf für DOGE/USDT:USDT (1d) abgeschlossen <<<

2025-11-02 03:45:11,625 - INFO - --- Starte TitanBot für DOGE/USDT:USDT (1d) auf Account 'Jurij' ---
2025-11-02 03:45:14,286 - INFO - Starte Aufräum-Routine für DOGE/USDT:USDT...
2025-11-02 03:45:15,320 - INFO - Befehl zum Stornieren aller Orders für DOGE/USDT:USDT gesendet.
2025-11-02 03:45:15,320 - INFO - Suche nach neuen SMC-Signalen...
2025-11-02 03:45:15,621 - INFO - Starte SMCEngine-Analyse für 89 Kerzen...
2025-11-02 03:45:15,650 - INFO - >>> TitanBot-Lauf für DOGE/USDT:USDT (1d) abgeschlossen <<<

2025-11-02 04:00:11,157 - INFO - --- Starte TitanBot für DOGE/USDT:USDT (1d) auf Account 'Jurij' ---
2025-11-02 04:00:14,128 - INFO - Starte Aufräum-Routine für DOGE/USDT:USDT...
2025-11-02 04:00:15,183 - INFO - Befehl zum Stornieren aller Orders für DOGE/USDT:USDT gesendet.
2025-11-02 04:00:15,184 - INFO - Suche nach neuen SMC-Signalen...
2025-11-02 04:00:15,493 - INFO - Starte SMCEngine-Analyse für 89 Kerzen...
2025-11-02 04:00:15,525 - INFO - >>> TitanBot-Lauf für DOGE/USDT:USDT (1d) abgeschlossen <<<

2025-11-02 04:15:11,729 - INFO - --- Starte TitanBot für DOGE/USDT:USDT (1d) auf Account 'Jurij' ---
2025-11-02 04:15:14,249 - INFO - Starte Aufräum-Routine für DOGE/USDT:USDT...
2025-11-02 04:15:15,319 - INFO - Befehl zum Stornieren aller Orders für DOGE/USDT:USDT gesendet.
2025-11-02 04:15:15,319 - INFO - Suche nach neuen SMC-Signalen...
2025-11-02 04:15:15,614 - INFO - Starte SMCEngine-Analyse für 89 Kerzen...
2025-11-02 04:15:15,638 - INFO - >>> TitanBot-Lauf für DOGE/USDT:USDT (1d) abgeschlossen <<<

2025-11-02 04:30:11,431 - INFO - --- Starte TitanBot für DOGE/USDT:USDT (1d) auf Account 'Jurij' ---
2025-11-02 04:30:14,107 - INFO - Starte Aufräum-Routine für DOGE/USDT:USDT...
2025-11-02 04:30:15,150 - INFO - Befehl zum Stornieren aller Orders für DOGE/USDT:USDT gesendet.
2025-11-02 04:30:15,150 - INFO - Suche nach neuen SMC-Signalen...
2025-11-02 04:30:15,446 - INFO - Starte SMCEngine-Analyse für 89 Kerzen...
2025-11-02 04:30:15,508 - INFO - >>> TitanBot-Lauf für DOGE/USDT:USDT (1d) abgeschlossen <<<

2025-11-02 04:45:11,872 - INFO - --- Starte TitanBot für DOGE/USDT:USDT (1d) auf Account 'Jurij' ---
2025-11-02 04:45:14,465 - INFO - Starte Aufräum-Routine für DOGE/USDT:USDT...
2025-11-02 04:45:15,518 - INFO - Befehl zum Stornieren aller Orders für DOGE/USDT:USDT gesendet.
2025-11-02 04:45:15,518 - INFO - Suche nach neuen SMC-Signalen...
2025-11-02 04:45:15,813 - INFO - Starte SMCEngine-Analyse für 89 Kerzen...
2025-11-02 04:45:15,837 - INFO - >>> TitanBot-Lauf für DOGE/USDT:USDT (1d) abgeschlossen <<<

2025-11-02 05:00:11,318 - INFO - --- Starte TitanBot für DOGE/USDT:USDT (1d) auf Account 'Jurij' ---
2025-11-02 05:00:13,935 - INFO - Starte Aufräum-Routine für DOGE/USDT:USDT...
2025-11-02 05:00:15,004 - INFO - Befehl zum Stornieren aller Orders für DOGE/USDT:USDT gesendet.
2025-11-02 05:00:15,004 - INFO - Suche nach neuen SMC-Signalen...
2025-11-02 05:00:15,295 - INFO - Starte SMCEngine-Analyse für 89 Kerzen...
2025-11-02 05:00:15,324 - INFO - >>> TitanBot-Lauf für DOGE/USDT:USDT (1d) abgeschlossen <<<

2025-11-02 05:15:11,836 - INFO - --- Starte TitanBot für DOGE/USDT:USDT (1d) auf Account 'Jurij' ---
2025-11-02 05:15:15,064 - INFO - Starte Aufräum-Routine für DOGE/USDT:USDT...
2025-11-02 05:15:16,150 - INFO - Befehl zum Stornieren aller Orders für DOGE/USDT:USDT gesendet.
2025-11-02 05:15:16,151 - INFO - Suche nach neuen SMC-Signalen...
2025-11-02 05:15:16,929 - INFO - Starte SMCEngine-Analyse für 89 Kerzen...
2025-11-02 05:15:16,981 - INFO - >>> TitanBot-Lauf für DOGE/USDT:USDT (1d) abgeschlossen <<<

2025-11-02 05:30:11,434 - INFO - --- Starte TitanBot für DOGE/USDT:USDT (1d) auf Account 'Jurij' ---
2025-11-02 05:30:13,957 - INFO - Starte Aufräum-Routine für DOGE/USDT:USDT...
2025-11-02 05:30:15,003 - INFO - Befehl zum Stornieren aller Orders für DOGE/USDT:USDT gesendet.
2025-11-02 05:30:15,003 - INFO - Suche nach neuen SMC-Signalen...
2025-11-02 05:30:15,295 - INFO - Starte SMCEngine-Analyse für 89 Kerzen...
2025-11-02 05:30:15,319 - INFO - >>> TitanBot-Lauf für DOGE/USDT:USDT (1d) abgeschlossen <<<

2025-11-02 05:45:11,810 - INFO - --- Starte TitanBot für DOGE/USDT:USDT (1d) auf Account 'Jurij' ---
2025-11-02 05:45:14,164 - INFO - Starte Aufräum-Routine für DOGE/USDT:USDT...
2025-11-02 05:45:15,192 - INFO - Befehl zum Stornieren aller Orders für DOGE/USDT:USDT gesendet.
2025-11-02 05:45:15,192 - INFO - Suche nach neuen SMC-Signalen...
2025-11-02 05:45:15,487 - INFO - Starte SMCEngine-Analyse für 89 Kerzen...
2025-11-02 05:45:15,522 - INFO - >>> TitanBot-Lauf für DOGE/USDT:USDT (1d) abgeschlossen <<<

2025-11-02 06:00:11,197 - INFO - --- Starte TitanBot für DOGE/USDT:USDT (1d) auf Account 'Jurij' ---
2025-11-02 06:00:13,635 - INFO - Starte Aufräum-Routine für DOGE/USDT:USDT...
2025-11-02 06:00:14,686 - INFO - Befehl zum Stornieren aller Orders für DOGE/USDT:USDT gesendet.
2025-11-02 06:00:14,686 - INFO - Suche nach neuen SMC-Signalen...
2025-11-02 06:00:14,994 - INFO - Starte SMCEngine-Analyse für 89 Kerzen...
2025-11-02 06:00:15,027 - INFO - >>> TitanBot-Lauf für DOGE/USDT:USDT (1d) abgeschlossen <<<

2025-11-02 06:15:11,772 - INFO - --- Starte TitanBot für DOGE/USDT:USDT (1d) auf Account 'Jurij' ---
2025-11-02 06:15:14,227 - INFO - Starte Aufräum-Routine für DOGE/USDT:USDT...
2025-11-02 06:15:15,295 - INFO - Befehl zum Stornieren aller Orders für DOGE/USDT:USDT gesendet.
2025-11-02 06:15:15,295 - INFO - Suche nach neuen SMC-Signalen...
2025-11-02 06:15:15,583 - INFO - Starte SMCEngine-Analyse für 89 Kerzen...
2025-11-02 06:15:15,605 - INFO - >>> TitanBot-Lauf für DOGE/USDT:USDT (1d) abgeschlossen <<<

2025-11-02 06:30:11,233 - INFO - --- Starte TitanBot für DOGE/USDT:USDT (1d) auf Account 'Jurij' ---
2025-11-02 06:30:13,761 - INFO - Starte Aufräum-Routine für DOGE/USDT:USDT...
2025-11-02 06:30:14,811 - INFO - Befehl zum Stornieren aller Orders für DOGE/USDT:USDT gesendet.
2025-11-02 06:30:14,812 - INFO - Suche nach neuen SMC-Signalen...
2025-11-02 06:30:15,096 - INFO - Starte SMCEngine-Analyse für 89 Kerzen...
2025-11-02 06:30:15,119 - INFO - >>> TitanBot-Lauf für DOGE/USDT:USDT (1d) abgeschlossen <<<

2025-11-02 06:45:11,639 - INFO - --- Starte TitanBot für DOGE/USDT:USDT (1d) auf Account 'Jurij' ---
2025-11-02 06:45:14,438 - INFO - Starte Aufräum-Routine für DOGE/USDT:USDT...
2025-11-02 06:45:15,527 - INFO - Befehl zum Stornieren aller Orders für DOGE/USDT:USDT gesendet.
2025-11-02 06:45:15,528 - INFO - Suche nach neuen SMC-Signalen...
2025-11-02 06:45:15,844 - INFO - Starte SMCEngine-Analyse für 89 Kerzen...
2025-11-02 06:45:15,865 - INFO - >>> TitanBot-Lauf für DOGE/USDT:USDT (1d) abgeschlossen <<<

2025-11-02 07:00:11,301 - INFO - --- Starte TitanBot für DOGE/USDT:USDT (1d) auf Account 'Jurij' ---
2025-11-02 07:00:13,915 - INFO - Starte Aufräum-Routine für DOGE/USDT:USDT...
2025-11-02 07:00:14,947 - INFO - Befehl zum Stornieren aller Orders für DOGE/USDT:USDT gesendet.
2025-11-02 07:00:14,947 - INFO - Suche nach neuen SMC-Signalen...
2025-11-02 07:00:15,238 - INFO - Starte SMCEngine-Analyse für 89 Kerzen...
2025-11-02 07:00:15,263 - INFO - >>> TitanBot-Lauf für DOGE/USDT:USDT (1d) abgeschlossen <<<

2025-11-02 07:15:11,753 - INFO - --- Starte TitanBot für DOGE/USDT:USDT (1d) auf Account 'Jurij' ---
2025-11-02 07:15:14,292 - INFO - Starte Aufräum-Routine für DOGE/USDT:USDT...
2025-11-02 07:15:15,332 - INFO - Befehl zum Stornieren aller Orders für DOGE/USDT:USDT gesendet.
2025-11-02 07:15:15,334 - INFO - Suche nach neuen SMC-Signalen...
2025-11-02 07:15:15,634 - INFO - Starte SMCEngine-Analyse für 89 Kerzen...
2025-11-02 07:15:15,662 - INFO - >>> TitanBot-Lauf für DOGE/USDT:USDT (1d) abgeschlossen <<<

2025-11-02 07:30:11,194 - INFO - --- Starte TitanBot für DOGE/USDT:USDT (1d) auf Account 'Jurij' ---
2025-11-02 07:30:13,697 - INFO - Starte Aufräum-Routine für DOGE/USDT:USDT...
2025-11-02 07:30:14,751 - INFO - Befehl zum Stornieren aller Orders für DOGE/USDT:USDT gesendet.
2025-11-02 07:30:14,751 - INFO - Suche nach neuen SMC-Signalen...
2025-11-02 07:30:15,262 - INFO - Starte SMCEngine-Analyse für 89 Kerzen...
2025-11-02 07:30:15,285 - INFO - >>> TitanBot-Lauf für DOGE/USDT:USDT (1d) abgeschlossen <<<

2025-11-02 07:45:11,762 - INFO - --- Starte TitanBot für DOGE/USDT:USDT (1d) auf Account 'Jurij' ---
2025-11-02 07:45:14,201 - INFO - Starte Aufräum-Routine für DOGE/USDT:USDT...
2025-11-02 07:45:15,241 - INFO - Befehl zum Stornieren aller Orders für DOGE/USDT:USDT gesendet.
2025-11-02 07:45:15,241 - INFO - Suche nach neuen SMC-Signalen...
2025-11-02 07:45:15,562 - INFO - Starte SMCEngine-Analyse für 89 Kerzen...
2025-11-02 07:45:15,593 - INFO - >>> TitanBot-Lauf für DOGE/USDT:USDT (1d) abgeschlossen <<<

2025-11-02 08:00:11,251 - INFO - --- Starte TitanBot für DOGE/USDT:USDT (1d) auf Account 'Jurij' ---
2025-11-02 08:00:13,772 - INFO - Starte Aufräum-Routine für DOGE/USDT:USDT...
2025-11-02 08:00:14,813 - INFO - Befehl zum Stornieren aller Orders für DOGE/USDT:USDT gesendet.
2025-11-02 08:00:14,815 - INFO - Suche nach neuen SMC-Signalen...
2025-11-02 08:00:15,149 - INFO - Starte SMCEngine-Analyse für 89 Kerzen...
2025-11-02 08:00:15,209 - INFO - >>> TitanBot-Lauf für DOGE/USDT:USDT (1d) abgeschlossen <<<

2025-11-02 08:15:11,715 - INFO - --- Starte TitanBot für DOGE/USDT:USDT (1d) auf Account 'Jurij' ---
2025-11-02 08:15:14,205 - INFO - Starte Aufräum-Routine für DOGE/USDT:USDT...
2025-11-02 08:15:15,259 - INFO - Befehl zum Stornieren aller Orders für DOGE/USDT:USDT gesendet.
2025-11-02 08:15:15,260 - INFO - Suche nach neuen SMC-Signalen...
2025-11-02 08:15:15,555 - INFO - Starte SMCEngine-Analyse für 89 Kerzen...
2025-11-02 08:15:15,580 - INFO - >>> TitanBot-Lauf für DOGE/USDT:USDT (1d) abgeschlossen <<<

2025-11-02 08:30:11,289 - INFO - --- Starte TitanBot für DOGE/USDT:USDT (1d) auf Account 'Jurij' ---
2025-11-02 08:30:13,757 - INFO - Starte Aufräum-Routine für DOGE/USDT:USDT...
2025-11-02 08:30:14,837 - INFO - Befehl zum Stornieren aller Orders für DOGE/USDT:USDT gesendet.
2025-11-02 08:30:14,837 - INFO - Suche nach neuen SMC-Signalen...
2025-11-02 08:30:15,140 - INFO - Starte SMCEngine-Analyse für 89 Kerzen...
2025-11-02 08:30:15,167 - INFO - >>> TitanBot-Lauf für DOGE/USDT:USDT (1d) abgeschlossen <<<

2025-11-02 08:45:11,731 - INFO - --- Starte TitanBot für DOGE/USDT:USDT (1d) auf Account 'Jurij' ---
2025-11-02 08:45:14,407 - INFO - Starte Aufräum-Routine für DOGE/USDT:USDT...
2025-11-02 08:45:15,471 - INFO - Befehl zum Stornieren aller Orders für DOGE/USDT:USDT gesendet.
2025-11-02 08:45:15,471 - INFO - Suche nach neuen SMC-Signalen...
2025-11-02 08:45:15,778 - INFO - Starte SMCEngine-Analyse für 89 Kerzen...
2025-11-02 08:45:15,812 - INFO - >>> TitanBot-Lauf für DOGE/USDT:USDT (1d) abgeschlossen <<<

2025-11-02 09:00:11,241 - INFO - --- Starte TitanBot für DOGE/USDT:USDT (1d) auf Account 'Jurij' ---
2025-11-02 09:00:13,771 - INFO - Starte Aufräum-Routine für DOGE/USDT:USDT...
2025-11-02 09:00:14,906 - INFO - Befehl zum Stornieren aller Orders für DOGE/USDT:USDT gesendet.
2025-11-02 09:00:14,906 - INFO - Suche nach neuen SMC-Signalen...
2025-11-02 09:00:15,201 - INFO - Starte SMCEngine-Analyse für 89 Kerzen...
2025-11-02 09:00:15,228 - INFO - >>> TitanBot-Lauf für DOGE/USDT:USDT (1d) abgeschlossen <<<

2025-11-02 09:15:11,859 - INFO - --- Starte TitanBot für DOGE/USDT:USDT (1d) auf Account 'Jurij' ---
2025-11-02 09:15:14,608 - INFO - Starte Aufräum-Routine für DOGE/USDT:USDT...
2025-11-02 09:15:15,670 - INFO - Befehl zum Stornieren aller Orders für DOGE/USDT:USDT gesendet.
2025-11-02 09:15:15,671 - INFO - Suche nach neuen SMC-Signalen...
2025-11-02 09:15:15,984 - INFO - Starte SMCEngine-Analyse für 89 Kerzen...
2025-11-02 09:15:16,005 - INFO - >>> TitanBot-Lauf für DOGE/USDT:USDT (1d) abgeschlossen <<<

2025-11-02 09:30:11,162 - INFO - --- Starte TitanBot für DOGE/USDT:USDT (1d) auf Account 'Jurij' ---
2025-11-02 09:30:13,821 - INFO - Starte Aufräum-Routine für DOGE/USDT:USDT...
2025-11-02 09:30:14,884 - INFO - Befehl zum Stornieren aller Orders für DOGE/USDT:USDT gesendet.
2025-11-02 09:30:14,884 - INFO - Suche nach neuen SMC-Signalen...
2025-11-02 09:30:15,203 - INFO - Starte SMCEngine-Analyse für 89 Kerzen...
2025-11-02 09:30:15,224 - INFO - >>> TitanBot-Lauf für DOGE/USDT:USDT (1d) abgeschlossen <<<

2025-11-02 09:45:11,802 - INFO - --- Starte TitanBot für DOGE/USDT:USDT (1d) auf Account 'Jurij' ---
2025-11-02 09:45:14,337 - INFO - Starte Aufräum-Routine für DOGE/USDT:USDT...
2025-11-02 09:45:15,414 - INFO - Befehl zum Stornieren aller Orders für DOGE/USDT:USDT gesendet.
2025-11-02 09:45:15,414 - INFO - Suche nach neuen SMC-Signalen...
2025-11-02 09:45:15,729 - INFO - Starte SMCEngine-Analyse für 89 Kerzen...
2025-11-02 09:45:15,762 - INFO - >>> TitanBot-Lauf für DOGE/USDT:USDT (1d) abgeschlossen <<<

2025-11-02 10:00:11,109 - INFO - --- Starte TitanBot für DOGE/USDT:USDT (1d) auf Account 'Jurij' ---
2025-11-02 10:00:13,701 - INFO - Starte Aufräum-Routine für DOGE/USDT:USDT...
2025-11-02 10:00:14,744 - INFO - Befehl zum Stornieren aller Orders für DOGE/USDT:USDT gesendet.
2025-11-02 10:00:14,744 - INFO - Suche nach neuen SMC-Signalen...
2025-11-02 10:00:15,049 - INFO - Starte SMCEngine-Analyse für 89 Kerzen...
2025-11-02 10:00:15,078 - INFO - >>> TitanBot-Lauf für DOGE/USDT:USDT (1d) abgeschlossen <<<

2025-11-02 10:15:12,006 - INFO - --- Starte TitanBot für DOGE/USDT:USDT (1d) auf Account 'Jurij' ---
2025-11-02 10:15:14,804 - INFO - Starte Aufräum-Routine für DOGE/USDT:USDT...
2025-11-02 10:15:15,881 - INFO - Befehl zum Stornieren aller Orders für DOGE/USDT:USDT gesendet.
2025-11-02 10:15:15,881 - INFO - Suche nach neuen SMC-Signalen...
2025-11-02 10:15:16,189 - INFO - Starte SMCEngine-Analyse für 89 Kerzen...
2025-11-02 10:15:16,228 - INFO - >>> TitanBot-Lauf für DOGE/USDT:USDT (1d) abgeschlossen <<<

