2025-11-01 22:00:06,929 - INFO - --- Starte TitanBot für ADA/USDT:USDT (6h) auf Account 'Jurij' ---
2025-11-01 22:00:09,381 - INFO - Starte Aufräum-Routine für ADA/USDT:USDT...
2025-11-01 22:00:10,422 - INFO - Befehl zum Stornieren aller Orders für ADA/USDT:USDT gesendet.
2025-11-01 22:00:10,422 - INFO - Suche nach neuen SMC-Signalen...
2025-11-01 22:00:10,751 - INFO - Starte SMCEngine-Analyse für 158 Kerzen...
2025-11-01 22:00:10,796 - INFO - >>> TitanBot-Lauf für ADA/USDT:USDT (6h) abgeschlossen <<<

2025-11-01 22:02:38,895 - INFO - --- Starte TitanBot für ADA/USDT:USDT (6h) auf Account 'Jurij' ---
2025-11-01 22:02:41,055 - INFO - Starte Aufräum-Routine für ADA/USDT:USDT...
2025-11-01 22:02:42,103 - INFO - Befehl zum Stornieren aller Orders für ADA/USDT:USDT gesendet.
2025-11-01 22:02:42,104 - INFO - Suche nach neuen SMC-Signalen...
2025-11-01 22:02:42,412 - INFO - Starte SMCEngine-Analyse für 158 Kerzen...
2025-11-01 22:02:42,435 - INFO - >>> TitanBot-Lauf für ADA/USDT:USDT (6h) abgeschlossen <<<

2025-11-01 22:13:35,992 - INFO - --- Starte TitanBot für ADA/USDT:USDT (6h) auf Account 'Jurij' ---
2025-11-01 22:13:38,119 - INFO - Starte Aufräum-Routine für ADA/USDT:USDT...
2025-11-01 22:13:39,170 - INFO - Befehl zum Stornieren aller Orders für ADA/USDT:USDT gesendet.
2025-11-01 22:13:39,170 - INFO - Suche nach neuen SMC-Signalen...
2025-11-01 22:13:39,472 - INFO - Starte SMCEngine-Analyse für 158 Kerzen...
2025-11-01 22:13:39,493 - INFO - >>> TitanBot-Lauf für ADA/USDT:USDT (6h) abgeschlossen <<<

2025-11-01 22:15:07,831 - INFO - --- Starte TitanBot für ADA/USDT:USDT (6h) auf Account 'Jurij' ---
2025-11-01 22:15:11,333 - INFO - Starte Aufräum-Routine für ADA/USDT:USDT...
2025-11-01 22:15:12,373 - INFO - Befehl zum Stornieren aller Orders für ADA/USDT:USDT gesendet.
2025-11-01 22:15:12,373 - INFO - Suche nach neuen SMC-Signalen...
2025-11-01 22:15:12,688 - INFO - Starte SMCEngine-Analyse für 158 Kerzen...
2025-11-01 22:15:12,734 - INFO - >>> TitanBot-Lauf für ADA/USDT:USDT (6h) abgeschlossen <<<

2025-11-01 22:30:07,786 - INFO - --- Starte TitanBot für ADA/USDT:USDT (6h) auf Account 'Jurij' ---
2025-11-01 22:30:10,202 - INFO - Starte Aufräum-Routine für ADA/USDT:USDT...
2025-11-01 22:30:11,259 - INFO - Befehl zum Stornieren aller Orders für ADA/USDT:USDT gesendet.
2025-11-01 22:30:11,260 - INFO - Suche nach neuen SMC-Signalen...
2025-11-01 22:30:11,579 - INFO - Starte SMCEngine-Analyse für 158 Kerzen...
2025-11-01 22:30:11,618 - INFO - >>> TitanBot-Lauf für ADA/USDT:USDT (6h) abgeschlossen <<<

2025-11-01 22:45:07,127 - INFO - --- Starte TitanBot für ADA/USDT:USDT (6h) auf Account 'Jurij' ---
2025-11-01 22:45:09,573 - INFO - Starte Aufräum-Routine für ADA/USDT:USDT...
2025-11-01 22:45:10,599 - INFO - Befehl zum Stornieren aller Orders für ADA/USDT:USDT gesendet.
2025-11-01 22:45:10,599 - INFO - Suche nach neuen SMC-Signalen...
2025-11-01 22:45:10,921 - INFO - Starte SMCEngine-Analyse für 158 Kerzen...
2025-11-01 22:45:10,946 - INFO - >>> TitanBot-Lauf für ADA/USDT:USDT (6h) abgeschlossen <<<

2025-11-01 23:00:06,654 - INFO - --- Starte TitanBot für ADA/USDT:USDT (6h) auf Account 'Jurij' ---
2025-11-01 23:00:09,317 - INFO - Starte Aufräum-Routine für ADA/USDT:USDT...
2025-11-01 23:00:10,354 - INFO - Befehl zum Stornieren aller Orders für ADA/USDT:USDT gesendet.
2025-11-01 23:00:10,355 - INFO - Suche nach neuen SMC-Signalen...
2025-11-01 23:00:10,658 - INFO - Starte SMCEngine-Analyse für 158 Kerzen...
2025-11-01 23:00:10,681 - INFO - >>> TitanBot-Lauf für ADA/USDT:USDT (6h) abgeschlossen <<<

2025-11-01 23:15:07,184 - INFO - --- Starte TitanBot für ADA/USDT:USDT (6h) auf Account 'Jurij' ---
2025-11-01 23:15:09,622 - INFO - Starte Aufräum-Routine für ADA/USDT:USDT...
2025-11-01 23:15:10,667 - INFO - Befehl zum Stornieren aller Orders für ADA/USDT:USDT gesendet.
2025-11-01 23:15:10,667 - INFO - Suche nach neuen SMC-Signalen...
2025-11-01 23:15:11,001 - INFO - Starte SMCEngine-Analyse für 158 Kerzen...
2025-11-01 23:15:11,042 - INFO - >>> TitanBot-Lauf für ADA/USDT:USDT (6h) abgeschlossen <<<

2025-11-01 23:30:06,826 - INFO - --- Starte TitanBot für ADA/USDT:USDT (6h) auf Account 'Jurij' ---
2025-11-01 23:30:09,267 - INFO - Starte Aufräum-Routine für ADA/USDT:USDT...
2025-11-01 23:30:10,324 - INFO - Befehl zum Stornieren aller Orders für ADA/USDT:USDT gesendet.
2025-11-01 23:30:10,324 - INFO - Suche nach neuen SMC-Signalen...
2025-11-01 23:30:10,632 - INFO - Starte SMCEngine-Analyse für 158 Kerzen...
2025-11-01 23:30:10,657 - INFO - >>> TitanBot-Lauf für ADA/USDT:USDT (6h) abgeschlossen <<<

2025-11-01 23:45:07,329 - INFO - --- Starte TitanBot für ADA/USDT:USDT (6h) auf Account 'Jurij' ---
2025-11-01 23:45:09,783 - INFO - Starte Aufräum-Routine für ADA/USDT:USDT...
2025-11-01 23:45:10,821 - INFO - Befehl zum Stornieren aller Orders für ADA/USDT:USDT gesendet.
2025-11-01 23:45:10,822 - INFO - Suche nach neuen SMC-Signalen...
2025-11-01 23:45:11,147 - INFO - Starte SMCEngine-Analyse für 158 Kerzen...
2025-11-01 23:45:11,177 - INFO - >>> TitanBot-Lauf für ADA/USDT:USDT (6h) abgeschlossen <<<

2025-11-02 00:00:06,984 - INFO - --- Starte TitanBot für ADA/USDT:USDT (6h) auf Account 'Jurij' ---
2025-11-02 00:00:09,332 - INFO - Starte Aufräum-Routine für ADA/USDT:USDT...
2025-11-02 00:00:10,382 - INFO - Befehl zum Stornieren aller Orders für ADA/USDT:USDT gesendet.
2025-11-02 00:00:10,382 - INFO - Suche nach neuen SMC-Signalen...
2025-11-02 00:00:10,690 - INFO - Starte SMCEngine-Analyse für 158 Kerzen...
2025-11-02 00:00:10,723 - INFO - >>> TitanBot-Lauf für ADA/USDT:USDT (6h) abgeschlossen <<<

2025-11-02 00:15:07,337 - INFO - --- Starte TitanBot für ADA/USDT:USDT (6h) auf Account 'Jurij' ---
2025-11-02 00:15:09,866 - INFO - Starte Aufräum-Routine für ADA/USDT:USDT...
2025-11-02 00:15:10,915 - INFO - Befehl zum Stornieren aller Orders für ADA/USDT:USDT gesendet.
2025-11-02 00:15:10,915 - INFO - Suche nach neuen SMC-Signalen...
2025-11-02 00:15:11,255 - INFO - Starte SMCEngine-Analyse für 158 Kerzen...
2025-11-02 00:15:11,286 - INFO - >>> TitanBot-Lauf für ADA/USDT:USDT (6h) abgeschlossen <<<

2025-11-02 00:30:06,982 - INFO - --- Starte TitanBot für ADA/USDT:USDT (6h) auf Account 'Jurij' ---
2025-11-02 00:30:09,415 - INFO - Starte Aufräum-Routine für ADA/USDT:USDT...
2025-11-02 00:30:10,457 - INFO - Befehl zum Stornieren aller Orders für ADA/USDT:USDT gesendet.
2025-11-02 00:30:10,457 - INFO - Suche nach neuen SMC-Signalen...
2025-11-02 00:30:10,972 - INFO - Starte SMCEngine-Analyse für 158 Kerzen...
2025-11-02 00:30:11,007 - INFO - >>> TitanBot-Lauf für ADA/USDT:USDT (6h) abgeschlossen <<<

2025-11-02 00:45:07,426 - INFO - --- Starte TitanBot für ADA/USDT:USDT (6h) auf Account 'Jurij' ---
2025-11-02 00:45:10,611 - INFO - Starte Aufräum-Routine für ADA/USDT:USDT...
2025-11-02 00:45:11,691 - INFO - Befehl zum Stornieren aller Orders für ADA/USDT:USDT gesendet.
2025-11-02 00:45:11,691 - INFO - Suche nach neuen SMC-Signalen...
2025-11-02 00:45:12,040 - INFO - Starte SMCEngine-Analyse für 158 Kerzen...
2025-11-02 00:45:12,080 - INFO - >>> TitanBot-Lauf für ADA/USDT:USDT (6h) abgeschlossen <<<

2025-11-02 01:00:06,966 - INFO - --- Starte TitanBot für ADA/USDT:USDT (6h) auf Account 'Jurij' ---
2025-11-02 01:00:09,348 - INFO - Starte Aufräum-Routine für ADA/USDT:USDT...
2025-11-02 01:00:10,403 - INFO - Befehl zum Stornieren aller Orders für ADA/USDT:USDT gesendet.
2025-11-02 01:00:10,403 - INFO - Suche nach neuen SMC-Signalen...
2025-11-02 01:00:10,715 - INFO - Starte SMCEngine-Analyse für 158 Kerzen...
2025-11-02 01:00:10,749 - INFO - >>> TitanBot-Lauf für ADA/USDT:USDT (6h) abgeschlossen <<<

2025-11-02 01:15:07,460 - INFO - --- Starte TitanBot für ADA/USDT:USDT (6h) auf Account 'Jurij' ---
2025-11-02 01:15:09,876 - INFO - Starte Aufräum-Routine für ADA/USDT:USDT...
2025-11-02 01:15:10,938 - INFO - Befehl zum Stornieren aller Orders für ADA/USDT:USDT gesendet.
2025-11-02 01:15:10,938 - INFO - Suche nach neuen SMC-Signalen...
2025-11-02 01:15:11,287 - INFO - Starte SMCEngine-Analyse für 158 Kerzen...
2025-11-02 01:15:11,322 - INFO - >>> TitanBot-Lauf für ADA/USDT:USDT (6h) abgeschlossen <<<

2025-11-02 01:30:06,949 - INFO - --- Starte TitanBot für ADA/USDT:USDT (6h) auf Account 'Jurij' ---
2025-11-02 01:30:09,403 - INFO - Starte Aufräum-Routine für ADA/USDT:USDT...
2025-11-02 01:30:10,447 - INFO - Befehl zum Stornieren aller Orders für ADA/USDT:USDT gesendet.
2025-11-02 01:30:10,447 - INFO - Suche nach neuen SMC-Signalen...
2025-11-02 01:30:10,764 - INFO - Starte SMCEngine-Analyse für 158 Kerzen...
2025-11-02 01:30:10,793 - INFO - >>> TitanBot-Lauf für ADA/USDT:USDT (6h) abgeschlossen <<<

2025-11-02 01:45:07,575 - INFO - --- Starte TitanBot für ADA/USDT:USDT (6h) auf Account 'Jurij' ---
2025-11-02 01:45:10,065 - INFO - Starte Aufräum-Routine für ADA/USDT:USDT...
2025-11-02 01:45:11,131 - INFO - Befehl zum Stornieren aller Orders für ADA/USDT:USDT gesendet.
2025-11-02 01:45:11,131 - INFO - Suche nach neuen SMC-Signalen...
2025-11-02 01:45:11,458 - INFO - Starte SMCEngine-Analyse für 158 Kerzen...
2025-11-02 01:45:11,500 - INFO - >>> TitanBot-Lauf für ADA/USDT:USDT (6h) abgeschlossen <<<

2025-11-02 02:00:06,941 - INFO - --- Starte TitanBot für ADA/USDT:USDT (6h) auf Account 'Jurij' ---
2025-11-02 02:00:09,305 - INFO - Starte Aufräum-Routine für ADA/USDT:USDT...
2025-11-02 02:00:10,354 - INFO - Befehl zum Stornieren aller Orders für ADA/USDT:USDT gesendet.
2025-11-02 02:00:10,354 - INFO - Suche nach neuen SMC-Signalen...
2025-11-02 02:00:10,681 - INFO - Starte SMCEngine-Analyse für 158 Kerzen...
2025-11-02 02:00:10,711 - INFO - >>> TitanBot-Lauf für ADA/USDT:USDT (6h) abgeschlossen <<<

2025-11-02 02:15:07,508 - INFO - --- Starte TitanBot für ADA/USDT:USDT (6h) auf Account 'Jurij' ---
2025-11-02 02:15:10,028 - INFO - Starte Aufräum-Routine für ADA/USDT:USDT...
2025-11-02 02:15:11,079 - INFO - Befehl zum Stornieren aller Orders für ADA/USDT:USDT gesendet.
2025-11-02 02:15:11,079 - INFO - Suche nach neuen SMC-Signalen...
2025-11-02 02:15:11,399 - INFO - Starte SMCEngine-Analyse für 158 Kerzen...
2025-11-02 02:15:11,425 - INFO - >>> TitanBot-Lauf für ADA/USDT:USDT (6h) abgeschlossen <<<

2025-11-02 02:30:06,892 - INFO - --- Starte TitanBot für ADA/USDT:USDT (6h) auf Account 'Jurij' ---
2025-11-02 02:30:09,375 - INFO - Starte Aufräum-Routine für ADA/USDT:USDT...
2025-11-02 02:30:10,417 - INFO - Befehl zum Stornieren aller Orders für ADA/USDT:USDT gesendet.
2025-11-02 02:30:10,417 - INFO - Suche nach neuen SMC-Signalen...
2025-11-02 02:30:10,735 - INFO - Starte SMCEngine-Analyse für 158 Kerzen...
2025-11-02 02:30:10,775 - INFO - >>> TitanBot-Lauf für ADA/USDT:USDT (6h) abgeschlossen <<<

2025-11-02 02:45:07,661 - INFO - --- Starte TitanBot für ADA/USDT:USDT (6h) auf Account 'Jurij' ---
2025-11-02 02:45:10,003 - INFO - Starte Aufräum-Routine für ADA/USDT:USDT...
2025-11-02 02:45:11,047 - INFO - Befehl zum Stornieren aller Orders für ADA/USDT:USDT gesendet.
2025-11-02 02:45:11,048 - INFO - Suche nach neuen SMC-Signalen...
2025-11-02 02:45:11,379 - INFO - Starte SMCEngine-Analyse für 158 Kerzen...
2025-11-02 02:45:11,420 - INFO - >>> TitanBot-Lauf für ADA/USDT:USDT (6h) abgeschlossen <<<

2025-11-02 03:00:07,213 - INFO - --- Starte TitanBot für ADA/USDT:USDT (6h) auf Account 'Jurij' ---
2025-11-02 03:00:09,767 - INFO - Starte Aufräum-Routine für ADA/USDT:USDT...
2025-11-02 03:00:10,827 - INFO - Befehl zum Stornieren aller Orders für ADA/USDT:USDT gesendet.
2025-11-02 03:00:10,827 - INFO - Suche nach neuen SMC-Signalen...
2025-11-02 03:00:11,147 - INFO - Starte SMCEngine-Analyse für 158 Kerzen...
2025-11-02 03:00:11,181 - INFO - >>> TitanBot-Lauf für ADA/USDT:USDT (6h) abgeschlossen <<<

2025-11-02 03:15:07,655 - INFO - --- Starte TitanBot für ADA/USDT:USDT (6h) auf Account 'Jurij' ---
2025-11-02 03:15:10,139 - INFO - Starte Aufräum-Routine für ADA/USDT:USDT...
2025-11-02 03:15:11,215 - INFO - Befehl zum Stornieren aller Orders für ADA/USDT:USDT gesendet.
2025-11-02 03:15:11,215 - INFO - Suche nach neuen SMC-Signalen...
2025-11-02 03:15:11,514 - INFO - Starte SMCEngine-Analyse für 158 Kerzen...
2025-11-02 03:15:11,539 - INFO - >>> TitanBot-Lauf für ADA/USDT:USDT (6h) abgeschlossen <<<

2025-11-02 03:30:07,078 - INFO - --- Starte TitanBot für ADA/USDT:USDT (6h) auf Account 'Jurij' ---
2025-11-02 03:30:09,517 - INFO - Starte Aufräum-Routine für ADA/USDT:USDT...
2025-11-02 03:30:10,583 - INFO - Befehl zum Stornieren aller Orders für ADA/USDT:USDT gesendet.
2025-11-02 03:30:10,584 - INFO - Suche nach neuen SMC-Signalen...
2025-11-02 03:30:10,891 - INFO - Starte SMCEngine-Analyse für 158 Kerzen...
2025-11-02 03:30:10,917 - INFO - >>> TitanBot-Lauf für ADA/USDT:USDT (6h) abgeschlossen <<<

2025-11-02 03:45:07,515 - INFO - --- Starte TitanBot für ADA/USDT:USDT (6h) auf Account 'Jurij' ---
2025-11-02 03:45:10,223 - INFO - Starte Aufräum-Routine für ADA/USDT:USDT...
2025-11-02 03:45:11,306 - INFO - Befehl zum Stornieren aller Orders für ADA/USDT:USDT gesendet.
2025-11-02 03:45:11,306 - INFO - Suche nach neuen SMC-Signalen...
2025-11-02 03:45:11,639 - INFO - Starte SMCEngine-Analyse für 158 Kerzen...
2025-11-02 03:45:11,676 - INFO - >>> TitanBot-Lauf für ADA/USDT:USDT (6h) abgeschlossen <<<

2025-11-02 04:00:07,000 - INFO - --- Starte TitanBot für ADA/USDT:USDT (6h) auf Account 'Jurij' ---
2025-11-02 04:00:09,341 - INFO - Starte Aufräum-Routine für ADA/USDT:USDT...
2025-11-02 04:00:10,400 - INFO - Befehl zum Stornieren aller Orders für ADA/USDT:USDT gesendet.
2025-11-02 04:00:10,400 - INFO - Suche nach neuen SMC-Signalen...
2025-11-02 04:00:10,733 - INFO - Starte SMCEngine-Analyse für 158 Kerzen...
2025-11-02 04:00:10,763 - INFO - >>> TitanBot-Lauf für ADA/USDT:USDT (6h) abgeschlossen <<<

2025-11-02 04:15:07,553 - INFO - --- Starte TitanBot für ADA/USDT:USDT (6h) auf Account 'Jurij' ---
2025-11-02 04:15:09,901 - INFO - Starte Aufräum-Routine für ADA/USDT:USDT...
2025-11-02 04:15:10,946 - INFO - Befehl zum Stornieren aller Orders für ADA/USDT:USDT gesendet.
2025-11-02 04:15:10,946 - INFO - Suche nach neuen SMC-Signalen...
2025-11-02 04:15:11,268 - INFO - Starte SMCEngine-Analyse für 158 Kerzen...
2025-11-02 04:15:11,300 - INFO - >>> TitanBot-Lauf für ADA/USDT:USDT (6h) abgeschlossen <<<

2025-11-02 04:30:07,013 - INFO - --- Starte TitanBot für ADA/USDT:USDT (6h) auf Account 'Jurij' ---
2025-11-02 04:30:09,428 - INFO - Starte Aufräum-Routine für ADA/USDT:USDT...
2025-11-02 04:30:10,497 - INFO - Befehl zum Stornieren aller Orders für ADA/USDT:USDT gesendet.
2025-11-02 04:30:10,498 - INFO - Suche nach neuen SMC-Signalen...
2025-11-02 04:30:10,821 - INFO - Starte SMCEngine-Analyse für 158 Kerzen...
2025-11-02 04:30:10,855 - INFO - >>> TitanBot-Lauf für ADA/USDT:USDT (6h) abgeschlossen <<<

2025-11-02 04:45:07,691 - INFO - --- Starte TitanBot für ADA/USDT:USDT (6h) auf Account 'Jurij' ---
2025-11-02 04:45:10,018 - INFO - Starte Aufräum-Routine für ADA/USDT:USDT...
2025-11-02 04:45:11,064 - INFO - Befehl zum Stornieren aller Orders für ADA/USDT:USDT gesendet.
2025-11-02 04:45:11,065 - INFO - Suche nach neuen SMC-Signalen...
2025-11-02 04:45:11,366 - INFO - Starte SMCEngine-Analyse für 158 Kerzen...
2025-11-02 04:45:11,390 - INFO - >>> TitanBot-Lauf für ADA/USDT:USDT (6h) abgeschlossen <<<

2025-11-02 05:00:07,110 - INFO - --- Starte TitanBot für ADA/USDT:USDT (6h) auf Account 'Jurij' ---
2025-11-02 05:00:09,644 - INFO - Starte Aufräum-Routine für ADA/USDT:USDT...
2025-11-02 05:00:10,689 - INFO - Befehl zum Stornieren aller Orders für ADA/USDT:USDT gesendet.
2025-11-02 05:00:10,689 - INFO - Suche nach neuen SMC-Signalen...
2025-11-02 05:00:10,992 - INFO - Starte SMCEngine-Analyse für 158 Kerzen...
2025-11-02 05:00:11,019 - INFO - >>> TitanBot-Lauf für ADA/USDT:USDT (6h) abgeschlossen <<<

2025-11-02 05:15:07,650 - INFO - --- Starte TitanBot für ADA/USDT:USDT (6h) auf Account 'Jurij' ---
2025-11-02 05:15:10,031 - INFO - Starte Aufräum-Routine für ADA/USDT:USDT...
2025-11-02 05:15:11,071 - INFO - Befehl zum Stornieren aller Orders für ADA/USDT:USDT gesendet.
2025-11-02 05:15:11,071 - INFO - Suche nach neuen SMC-Signalen...
2025-11-02 05:15:11,403 - INFO - Starte SMCEngine-Analyse für 158 Kerzen...
2025-11-02 05:15:11,433 - INFO - >>> TitanBot-Lauf für ADA/USDT:USDT (6h) abgeschlossen <<<

2025-11-02 05:30:07,182 - INFO - --- Starte TitanBot für ADA/USDT:USDT (6h) auf Account 'Jurij' ---
2025-11-02 05:30:09,536 - INFO - Starte Aufräum-Routine für ADA/USDT:USDT...
2025-11-02 05:30:10,590 - INFO - Befehl zum Stornieren aller Orders für ADA/USDT:USDT gesendet.
2025-11-02 05:30:10,590 - INFO - Suche nach neuen SMC-Signalen...
2025-11-02 05:30:10,901 - INFO - Starte SMCEngine-Analyse für 158 Kerzen...
2025-11-02 05:30:10,934 - INFO - >>> TitanBot-Lauf für ADA/USDT:USDT (6h) abgeschlossen <<<

2025-11-02 05:45:07,616 - INFO - --- Starte TitanBot für ADA/USDT:USDT (6h) auf Account 'Jurij' ---
2025-11-02 05:45:09,870 - INFO - Starte Aufräum-Routine für ADA/USDT:USDT...
2025-11-02 05:45:10,950 - INFO - Befehl zum Stornieren aller Orders für ADA/USDT:USDT gesendet.
2025-11-02 05:45:10,951 - INFO - Suche nach neuen SMC-Signalen...
2025-11-02 05:45:11,290 - INFO - Starte SMCEngine-Analyse für 158 Kerzen...
2025-11-02 05:45:11,323 - INFO - >>> TitanBot-Lauf für ADA/USDT:USDT (6h) abgeschlossen <<<

2025-11-02 06:00:07,146 - INFO - --- Starte TitanBot für ADA/USDT:USDT (6h) auf Account 'Jurij' ---
2025-11-02 06:00:09,646 - INFO - Starte Aufräum-Routine für ADA/USDT:USDT...
2025-11-02 06:00:10,727 - INFO - Befehl zum Stornieren aller Orders für ADA/USDT:USDT gesendet.
2025-11-02 06:00:10,727 - INFO - Suche nach neuen SMC-Signalen...
2025-11-02 06:00:11,046 - INFO - Starte SMCEngine-Analyse für 158 Kerzen...
2025-11-02 06:00:11,079 - INFO - >>> TitanBot-Lauf für ADA/USDT:USDT (6h) abgeschlossen <<<

2025-11-02 06:15:07,547 - INFO - --- Starte TitanBot für ADA/USDT:USDT (6h) auf Account 'Jurij' ---
2025-11-02 06:15:09,903 - INFO - Starte Aufräum-Routine für ADA/USDT:USDT...
2025-11-02 06:15:10,959 - INFO - Befehl zum Stornieren aller Orders für ADA/USDT:USDT gesendet.
2025-11-02 06:15:10,959 - INFO - Suche nach neuen SMC-Signalen...
2025-11-02 06:15:11,270 - INFO - Starte SMCEngine-Analyse für 158 Kerzen...
2025-11-02 06:15:11,301 - INFO - >>> TitanBot-Lauf für ADA/USDT:USDT (6h) abgeschlossen <<<

2025-11-02 06:30:07,201 - INFO - --- Starte TitanBot für ADA/USDT:USDT (6h) auf Account 'Jurij' ---
2025-11-02 06:30:09,904 - INFO - Starte Aufräum-Routine für ADA/USDT:USDT...
2025-11-02 06:30:10,975 - INFO - Befehl zum Stornieren aller Orders für ADA/USDT:USDT gesendet.
2025-11-02 06:30:10,976 - INFO - Suche nach neuen SMC-Signalen...
2025-11-02 06:30:11,293 - INFO - Starte SMCEngine-Analyse für 158 Kerzen...
2025-11-02 06:30:11,328 - INFO - >>> TitanBot-Lauf für ADA/USDT:USDT (6h) abgeschlossen <<<

2025-11-02 06:45:07,594 - INFO - --- Starte TitanBot für ADA/USDT:USDT (6h) auf Account 'Jurij' ---
2025-11-02 06:45:10,233 - INFO - Starte Aufräum-Routine für ADA/USDT:USDT...
2025-11-02 06:45:11,299 - INFO - Befehl zum Stornieren aller Orders für ADA/USDT:USDT gesendet.
2025-11-02 06:45:11,299 - INFO - Suche nach neuen SMC-Signalen...
2025-11-02 06:45:11,610 - INFO - Starte SMCEngine-Analyse für 158 Kerzen...
2025-11-02 06:45:11,641 - INFO - >>> TitanBot-Lauf für ADA/USDT:USDT (6h) abgeschlossen <<<

2025-11-02 07:00:07,261 - INFO - --- Starte TitanBot für ADA/USDT:USDT (6h) auf Account 'Jurij' ---
2025-11-02 07:00:09,772 - INFO - Starte Aufräum-Routine für ADA/USDT:USDT...
2025-11-02 07:00:10,828 - INFO - Befehl zum Stornieren aller Orders für ADA/USDT:USDT gesendet.
2025-11-02 07:00:10,828 - INFO - Suche nach neuen SMC-Signalen...
2025-11-02 07:00:11,162 - INFO - Starte SMCEngine-Analyse für 158 Kerzen...
2025-11-02 07:00:11,191 - INFO - >>> TitanBot-Lauf für ADA/USDT:USDT (6h) abgeschlossen <<<

2025-11-02 07:15:07,465 - INFO - --- Starte TitanBot für ADA/USDT:USDT (6h) auf Account 'Jurij' ---
2025-11-02 07:15:09,952 - INFO - Starte Aufräum-Routine für ADA/USDT:USDT...
2025-11-02 07:15:11,015 - INFO - Befehl zum Stornieren aller Orders für ADA/USDT:USDT gesendet.
2025-11-02 07:15:11,016 - INFO - Suche nach neuen SMC-Signalen...
2025-11-02 07:15:11,332 - INFO - Starte SMCEngine-Analyse für 158 Kerzen...
2025-11-02 07:15:11,360 - INFO - >>> TitanBot-Lauf für ADA/USDT:USDT (6h) abgeschlossen <<<

2025-11-02 07:30:07,017 - INFO - --- Starte TitanBot für ADA/USDT:USDT (6h) auf Account 'Jurij' ---
2025-11-02 07:30:09,582 - INFO - Starte Aufräum-Routine für ADA/USDT:USDT...
2025-11-02 07:30:10,625 - INFO - Befehl zum Stornieren aller Orders für ADA/USDT:USDT gesendet.
2025-11-02 07:30:10,626 - INFO - Suche nach neuen SMC-Signalen...
2025-11-02 07:30:10,937 - INFO - Starte SMCEngine-Analyse für 158 Kerzen...
2025-11-02 07:30:10,969 - INFO - >>> TitanBot-Lauf für ADA/USDT:USDT (6h) abgeschlossen <<<

2025-11-02 07:45:07,658 - INFO - --- Starte TitanBot für ADA/USDT:USDT (6h) auf Account 'Jurij' ---
2025-11-02 07:45:09,953 - INFO - Starte Aufräum-Routine für ADA/USDT:USDT...
2025-11-02 07:45:10,998 - INFO - Befehl zum Stornieren aller Orders für ADA/USDT:USDT gesendet.
2025-11-02 07:45:10,998 - INFO - Suche nach neuen SMC-Signalen...
2025-11-02 07:45:11,315 - INFO - Starte SMCEngine-Analyse für 158 Kerzen...
2025-11-02 07:45:11,349 - INFO - >>> TitanBot-Lauf für ADA/USDT:USDT (6h) abgeschlossen <<<

2025-11-02 08:00:07,099 - INFO - --- Starte TitanBot für ADA/USDT:USDT (6h) auf Account 'Jurij' ---
2025-11-02 08:00:09,538 - INFO - Starte Aufräum-Routine für ADA/USDT:USDT...
2025-11-02 08:00:10,589 - INFO - Befehl zum Stornieren aller Orders für ADA/USDT:USDT gesendet.
2025-11-02 08:00:10,589 - INFO - Suche nach neuen SMC-Signalen...
2025-11-02 08:00:10,928 - INFO - Starte SMCEngine-Analyse für 158 Kerzen...
2025-11-02 08:00:10,963 - INFO - >>> TitanBot-Lauf für ADA/USDT:USDT (6h) abgeschlossen <<<

2025-11-02 08:15:07,533 - INFO - --- Starte TitanBot für ADA/USDT:USDT (6h) auf Account 'Jurij' ---
2025-11-02 08:15:09,925 - INFO - Starte Aufräum-Routine für ADA/USDT:USDT...
2025-11-02 08:15:10,981 - INFO - Befehl zum Stornieren aller Orders für ADA/USDT:USDT gesendet.
2025-11-02 08:15:10,981 - INFO - Suche nach neuen SMC-Signalen...
2025-11-02 08:15:11,301 - INFO - Starte SMCEngine-Analyse für 158 Kerzen...
2025-11-02 08:15:11,331 - INFO - >>> TitanBot-Lauf für ADA/USDT:USDT (6h) abgeschlossen <<<

2025-11-02 08:30:07,055 - INFO - --- Starte TitanBot für ADA/USDT:USDT (6h) auf Account 'Jurij' ---
2025-11-02 08:30:09,344 - INFO - Starte Aufräum-Routine für ADA/USDT:USDT...
2025-11-02 08:30:10,397 - INFO - Befehl zum Stornieren aller Orders für ADA/USDT:USDT gesendet.
2025-11-02 08:30:10,397 - INFO - Suche nach neuen SMC-Signalen...
2025-11-02 08:30:10,730 - INFO - Starte SMCEngine-Analyse für 158 Kerzen...
2025-11-02 08:30:10,764 - INFO - >>> TitanBot-Lauf für ADA/USDT:USDT (6h) abgeschlossen <<<

2025-11-02 08:45:07,607 - INFO - --- Starte TitanBot für ADA/USDT:USDT (6h) auf Account 'Jurij' ---
2025-11-02 08:45:10,415 - INFO - Starte Aufräum-Routine für ADA/USDT:USDT...
2025-11-02 08:45:11,483 - INFO - Befehl zum Stornieren aller Orders für ADA/USDT:USDT gesendet.
2025-11-02 08:45:11,484 - INFO - Suche nach neuen SMC-Signalen...
2025-11-02 08:45:11,806 - INFO - Starte SMCEngine-Analyse für 158 Kerzen...
2025-11-02 08:45:11,841 - INFO - >>> TitanBot-Lauf für ADA/USDT:USDT (6h) abgeschlossen <<<

2025-11-02 09:00:07,142 - INFO - --- Starte TitanBot für ADA/USDT:USDT (6h) auf Account 'Jurij' ---
2025-11-02 09:00:09,537 - INFO - Starte Aufräum-Routine für ADA/USDT:USDT...
2025-11-02 09:00:10,631 - INFO - Befehl zum Stornieren aller Orders für ADA/USDT:USDT gesendet.
2025-11-02 09:00:10,631 - INFO - Suche nach neuen SMC-Signalen...
2025-11-02 09:00:10,943 - INFO - Starte SMCEngine-Analyse für 158 Kerzen...
2025-11-02 09:00:10,971 - INFO - >>> TitanBot-Lauf für ADA/USDT:USDT (6h) abgeschlossen <<<

2025-11-02 09:15:07,589 - INFO - --- Starte TitanBot für ADA/USDT:USDT (6h) auf Account 'Jurij' ---
2025-11-02 09:15:10,109 - INFO - Starte Aufräum-Routine für ADA/USDT:USDT...
2025-11-02 09:15:11,181 - INFO - Befehl zum Stornieren aller Orders für ADA/USDT:USDT gesendet.
2025-11-02 09:15:11,181 - INFO - Suche nach neuen SMC-Signalen...
2025-11-02 09:15:11,497 - INFO - Starte SMCEngine-Analyse für 158 Kerzen...
2025-11-02 09:15:11,525 - INFO - >>> TitanBot-Lauf für ADA/USDT:USDT (6h) abgeschlossen <<<

2025-11-02 09:30:07,171 - INFO - --- Starte TitanBot für ADA/USDT:USDT (6h) auf Account 'Jurij' ---
2025-11-02 09:30:09,666 - INFO - Starte Aufräum-Routine für ADA/USDT:USDT...
2025-11-02 09:30:10,728 - INFO - Befehl zum Stornieren aller Orders für ADA/USDT:USDT gesendet.
2025-11-02 09:30:10,728 - INFO - Suche nach neuen SMC-Signalen...
2025-11-02 09:30:11,062 - INFO - Starte SMCEngine-Analyse für 158 Kerzen...
2025-11-02 09:30:11,095 - INFO - >>> TitanBot-Lauf für ADA/USDT:USDT (6h) abgeschlossen <<<

2025-11-02 09:45:07,470 - INFO - --- Starte TitanBot für ADA/USDT:USDT (6h) auf Account 'Jurij' ---
2025-11-02 09:45:10,069 - INFO - Starte Aufräum-Routine für ADA/USDT:USDT...
2025-11-02 09:45:11,111 - INFO - Befehl zum Stornieren aller Orders für ADA/USDT:USDT gesendet.
2025-11-02 09:45:11,111 - INFO - Suche nach neuen SMC-Signalen...
2025-11-02 09:45:11,422 - INFO - Starte SMCEngine-Analyse für 158 Kerzen...
2025-11-02 09:45:11,451 - INFO - >>> TitanBot-Lauf für ADA/USDT:USDT (6h) abgeschlossen <<<

2025-11-02 10:00:06,946 - INFO - --- Starte TitanBot für ADA/USDT:USDT (6h) auf Account 'Jurij' ---
2025-11-02 10:00:09,698 - INFO - Starte Aufräum-Routine für ADA/USDT:USDT...
2025-11-02 10:00:10,803 - INFO - Befehl zum Stornieren aller Orders für ADA/USDT:USDT gesendet.
2025-11-02 10:00:10,803 - INFO - Suche nach neuen SMC-Signalen...
2025-11-02 10:00:11,169 - INFO - Starte SMCEngine-Analyse für 158 Kerzen...
2025-11-02 10:00:11,205 - INFO - >>> TitanBot-Lauf für ADA/USDT:USDT (6h) abgeschlossen <<<

2025-11-02 10:15:07,660 - INFO - --- Starte TitanBot für ADA/USDT:USDT (6h) auf Account 'Jurij' ---
2025-11-02 10:15:10,474 - INFO - Starte Aufräum-Routine für ADA/USDT:USDT...
2025-11-02 10:15:11,508 - INFO - Befehl zum Stornieren aller Orders für ADA/USDT:USDT gesendet.
2025-11-02 10:15:11,508 - INFO - Suche nach neuen SMC-Signalen...
2025-11-02 10:15:11,843 - INFO - Starte SMCEngine-Analyse für 158 Kerzen...
2025-11-02 10:15:11,872 - INFO - >>> TitanBot-Lauf für ADA/USDT:USDT (6h) abgeschlossen <<<

2025-11-05 21:24:13,813 - INFO - --- Starte TitanBot für ADA/USDT:USDT (6h) auf Account 'Jurij' ---
2025-11-05 21:24:16,020 - INFO - Housekeeper: Starte Aufräumroutine für ADA/USDT:USDT...
2025-11-05 21:24:19,647 - INFO - Housekeeper: ADA/USDT:USDT ist jetzt sauber.
2025-11-05 21:24:19,648 - INFO - Prüfe Signal für ADA/USDT:USDT (6h)...
2025-11-05 21:24:21,875 - INFO - Eröffne BUY-Position: 31.975042 Contracts @ $0.545300 | Risk: 0.74 USDT
2025-11-05 21:24:25,853 - INFO - Trailing-Stop platziert.
2025-11-05 21:24:26,017 - INFO - Trade-Eröffnung erfolgreich abgeschlossen.
2025-11-05 21:24:26,025 - INFO - >>> TitanBot-Lauf für ADA/USDT:USDT (6h) abgeschlossen <<<

